This is pdfTeXk, Version 3.141592-1.40.3 (Web2C 7.5.6) (format=pdflatex 2008.5.14)  15 MAY 2008 10:56
entering extended mode
 file:line:error style messages enabled.
 %&-line parsing enabled.
**\nonstopmode \input ./mixstock.tex
(./mixstock.tex (/usr/share/texmf-texlive/tex/latex/base/article.cls
Document Class: article 2005/09/16 v1.4f Standard LaTeX document class
(/usr/share/texmf-texlive/tex/latex/base/size11.clo
File: size11.clo 2005/09/16 v1.4f Standard LaTeX file (size option)
)
\c@part=\count79
\c@section=\count80
\c@subsection=\count81
\c@subsubsection=\count82
\c@paragraph=\count83
\c@subparagraph=\count84
\c@figure=\count85
\c@table=\count86
\abovecaptionskip=\skip41
\belowcaptionskip=\skip42
\bibindent=\dimen102
)
(/usr/share/texmf-texlive/tex/latex/psnfss/palatino.sty
Package: palatino 2005/04/12 PSNFSS-v9.2a (SPQR) 
)
(/usr/share/texmf-texlive/tex/generic/babel/babel.sty
Package: babel 2005/11/23 v3.8h The Babel package

(/usr/share/texmf-texlive/tex/generic/babel/english.ldf
Language: english 2005/03/30 v3.3o English support from the babel system

(/usr/share/texmf-texlive/tex/generic/babel/babel.def
File: babel.def 2005/11/23 v3.8h Babel common definitions
\babel@savecnt=\count87
\U@D=\dimen103
)
\l@british = a dialect from \language\l@english 
\l@UKenglish = a dialect from \language\l@english 
\l@canadian = a dialect from \language\l@american 
\l@australian = a dialect from \language\l@british 
\l@newzealand = a dialect from \language\l@british 
))
(/usr/share/texmf-texlive/tex/latex/ltxmisc/url.sty
\Urlmuskip=\muskip10
Package: url 2005/06/27  ver 3.2  Verb mode for urls, etc.
)
(/usr/share/texmf-texlive/tex/latex/base/alltt.sty
Package: alltt 1997/06/16 v2.0g defines alltt environment
)
(/usr/share/R/share/texmf/Sweave.sty

LaTeX Warning: You have requested package `/usr/share/R/share/texmf/Sweave',
               but the package provides `Sweave'.

Package: Sweave 
(/usr/share/texmf-texlive/tex/latex/base/ifthen.sty
Package: ifthen 2001/05/26 v1.1c Standard LaTeX ifthen package (DPC)
)
(/usr/share/texmf-texlive/tex/latex/graphics/graphicx.sty
Package: graphicx 1999/02/16 v1.0f Enhanced LaTeX Graphics (DPC,SPQR)

(/usr/share/texmf-texlive/tex/latex/graphics/keyval.sty
Package: keyval 1999/03/16 v1.13 key=value parser (DPC)
\KV@toks@=\toks14
)
(/usr/share/texmf-texlive/tex/latex/graphics/graphics.sty
Package: graphics 2006/02/20 v1.0o Standard LaTeX Graphics (DPC,SPQR)

(/usr/share/texmf-texlive/tex/latex/graphics/trig.sty
Package: trig 1999/03/16 v1.09 sin cos tan (DPC)
)
(/etc/texmf/tex/latex/config/graphics.cfg
File: graphics.cfg 2007/01/18 v1.5 graphics configuration of teTeX/TeXLive
)
Package graphics Info: Driver file: pdftex.def on input line 90.

(/usr/share/texmf-texlive/tex/latex/pdftex-def/pdftex.def
File: pdftex.def 2007/01/08 v0.04d Graphics/color for pdfTeX
\Gread@gobject=\count88
))
\Gin@req@height=\dimen104
\Gin@req@width=\dimen105
)
(/usr/share/texmf-texlive/tex/latex/fancyvrb/fancyvrb.sty
Package: fancyvrb 1998/07/17

Style option: `fancyvrb' v2.6, with DG/SPQR fixes <1998/07/17> (tvz)
\FV@CodeLineNo=\count89
\FV@InFile=\read1
\FV@TabBox=\box26
\c@FancyVerbLine=\count90
\FV@StepNumber=\count91
\FV@OutFile=\write3

No file fancyvrb.cfg.
) (/usr/share/texmf/tex/latex/R/upquote.sty
Package: upquote 2003/08/11 v1.1 Covington's upright-quote modification to verb
atim and verb

(/usr/share/texmf-texlive/tex/latex/base/textcomp.sty
Package: textcomp 2005/09/27 v1.99g Standard LaTeX package
Package textcomp Info: Sub-encoding information:
(textcomp)               5 = only ISO-Adobe without \textcurrency
(textcomp)               4 = 5 + \texteuro
(textcomp)               3 = 4 + \textohm
(textcomp)               2 = 3 + \textestimated + \textcurrency
(textcomp)               1 = TS1 - \textcircled - \t
(textcomp)               0 = TS1 (full)
(textcomp)             Font families with sub-encoding setting implement
(textcomp)             only a restricted character set as indicated.
(textcomp)             Family '?' is the default used for unknown fonts.
(textcomp)             See the documentation for details.
Package textcomp Info: Setting ? sub-encoding to TS1/1 on input line 71.

(/usr/share/texmf-texlive/tex/latex/base/ts1enc.def
File: ts1enc.def 2001/06/05 v3.0e (jk/car/fm) Standard LaTeX file
)
LaTeX Info: Redefining \oldstylenums on input line 266.
Package textcomp Info: Setting cmr sub-encoding to TS1/0 on input line 281.
Package textcomp Info: Setting cmss sub-encoding to TS1/0 on input line 282.
Package textcomp Info: Setting cmtt sub-encoding to TS1/0 on input line 283.
Package textcomp Info: Setting cmvtt sub-encoding to TS1/0 on input line 284.
Package textcomp Info: Setting cmbr sub-encoding to TS1/0 on input line 285.
Package textcomp Info: Setting cmtl sub-encoding to TS1/0 on input line 286.
Package textcomp Info: Setting ccr sub-encoding to TS1/0 on input line 287.
Package textcomp Info: Setting ptm sub-encoding to TS1/4 on input line 288.
Package textcomp Info: Setting pcr sub-encoding to TS1/4 on input line 289.
Package textcomp Info: Setting phv sub-encoding to TS1/4 on input line 290.
Package textcomp Info: Setting ppl sub-encoding to TS1/3 on input line 291.
Package textcomp Info: Setting pag sub-encoding to TS1/4 on input line 292.
Package textcomp Info: Setting pbk sub-encoding to TS1/4 on input line 293.
Package textcomp Info: Setting pnc sub-encoding to TS1/4 on input line 294.
Package textcomp Info: Setting pzc sub-encoding to TS1/4 on input line 295.
Package textcomp Info: Setting bch sub-encoding to TS1/4 on input line 296.
Package textcomp Info: Setting put sub-encoding to TS1/5 on input line 297.
Package textcomp Info: Setting uag sub-encoding to TS1/5 on input line 298.
Package textcomp Info: Setting ugq sub-encoding to TS1/5 on input line 299.
Package textcomp Info: Setting ul8 sub-encoding to TS1/4 on input line 300.
Package textcomp Info: Setting ul9 sub-encoding to TS1/4 on input line 301.
Package textcomp Info: Setting augie sub-encoding to TS1/5 on input line 302.
Package textcomp Info: Setting dayrom sub-encoding to TS1/3 on input line 303.
Package textcomp Info: Setting dayroms sub-encoding to TS1/3 on input line 304.

Package textcomp Info: Setting pxr sub-encoding to TS1/0 on input line 305.
Package textcomp Info: Setting pxss sub-encoding to TS1/0 on input line 306.
Package textcomp Info: Setting pxtt sub-encoding to TS1/0 on input line 307.
Package textcomp Info: Setting txr sub-encoding to TS1/0 on input line 308.
Package textcomp Info: Setting txss sub-encoding to TS1/0 on input line 309.
Package textcomp Info: Setting txtt sub-encoding to TS1/0 on input line 310.
Package textcomp Info: Setting futs sub-encoding to TS1/4 on input line 311.
Package textcomp Info: Setting futx sub-encoding to TS1/4 on input line 312.
Package textcomp Info: Setting futj sub-encoding to TS1/4 on input line 313.
Package textcomp Info: Setting hlh sub-encoding to TS1/3 on input line 314.
Package textcomp Info: Setting hls sub-encoding to TS1/3 on input line 315.
Package textcomp Info: Setting hlst sub-encoding to TS1/3 on input line 316.
Package textcomp Info: Setting hlct sub-encoding to TS1/5 on input line 317.
Package textcomp Info: Setting hlx sub-encoding to TS1/5 on input line 318.
Package textcomp Info: Setting hlce sub-encoding to TS1/5 on input line 319.
Package textcomp Info: Setting hlcn sub-encoding to TS1/5 on input line 320.
Package textcomp Info: Setting hlcw sub-encoding to TS1/5 on input line 321.
Package textcomp Info: Setting hlcf sub-encoding to TS1/5 on input line 322.
Package textcomp Info: Setting pplx sub-encoding to TS1/3 on input line 323.
Package textcomp Info: Setting pplj sub-encoding to TS1/3 on input line 324.
Package textcomp Info: Setting ptmx sub-encoding to TS1/4 on input line 325.
Package textcomp Info: Setting ptmj sub-encoding to TS1/4 on input line 326.
))
(/usr/share/texmf-texlive/tex/latex/base/fontenc.sty
Package: fontenc 2005/09/27 v1.99g Standard LaTeX package

(/usr/share/texmf-texlive/tex/latex/base/t1enc.def
File: t1enc.def 2005/09/27 v1.99g Standard LaTeX file
LaTeX Font Info:    Redeclaring font encoding T1 on input line 43.
))
(/usr/share/texmf-texlive/tex/latex/ae/ae.sty
Package: ae 2001/02/12 1.3 Almost European Computer Modern

(/usr/share/texmf-texlive/tex/latex/base/fontenc.sty
Package: fontenc 2005/09/27 v1.99g Standard LaTeX package

(/usr/share/texmf-texlive/tex/latex/base/t1enc.def
File: t1enc.def 2005/09/27 v1.99g Standard LaTeX file
LaTeX Font Info:    Redeclaring font encoding T1 on input line 43.
)
LaTeX Font Info:    Try loading font information for T1+aer on input line 100.

(/usr/share/texmf-texlive/tex/latex/ae/t1aer.fd
File: t1aer.fd 1997/11/16 Font definitions for T1/aer.
)))) (./mixstock.aux)
\openout1 = `mixstock.aux'.

LaTeX Font Info:    Checking defaults for OML/cmm/m/it on input line 19.
LaTeX Font Info:    ... okay on input line 19.
LaTeX Font Info:    Checking defaults for T1/cmr/m/n on input line 19.
LaTeX Font Info:    ... okay on input line 19.
LaTeX Font Info:    Checking defaults for OT1/cmr/m/n on input line 19.
LaTeX Font Info:    ... okay on input line 19.
LaTeX Font Info:    Checking defaults for OMS/cmsy/m/n on input line 19.
LaTeX Font Info:    ... okay on input line 19.
LaTeX Font Info:    Checking defaults for OMX/cmex/m/n on input line 19.
LaTeX Font Info:    ... okay on input line 19.
LaTeX Font Info:    Checking defaults for U/cmr/m/n on input line 19.
LaTeX Font Info:    ... okay on input line 19.
LaTeX Font Info:    Checking defaults for TS1/cmr/m/n on input line 19.
LaTeX Font Info:    Try loading font information for TS1+cmr on input line 19.

(/usr/share/texmf-texlive/tex/latex/base/ts1cmr.fd
File: ts1cmr.fd 1999/05/25 v2.5h Standard LaTeX font definitions
)
LaTeX Font Info:    ... okay on input line 19.
LaTeX Font Info:    Try loading font information for T1+aett on input line 20.

(/usr/share/texmf-texlive/tex/latex/ae/t1aett.fd
File: t1aett.fd 1997/11/16 Font definitions for T1/aett.
)
LaTeX Font Info:    External font `cmex10' loaded for size
(Font)              <12> on input line 20.
LaTeX Font Info:    External font `cmex10' loaded for size
(Font)              <8> on input line 20.
LaTeX Font Info:    External font `cmex10' loaded for size
(Font)              <6> on input line 20.
LaTeX Font Info:    Try loading font information for T1+aess on input line 24.

(/usr/share/texmf-texlive/tex/latex/ae/t1aess.fd
File: t1aess.fd 1997/11/16 Font definitions for T1/aess.
)
LaTeX Font Info:    Try loading font information for TS1+aer on input line 49.

(/usr/share/texmf/tex/latex/R/ts1aer.fd
File: ts1aer.fd 
)
LaTeX Font Info:    Font shape `TS1/aer/bx/n' in size <10.95> not available
(Font)              Font shape `TS1/cmr/bx/n' tried instead on input line 49.
LaTeX Font Info:    External font `cmex10' loaded for size
(Font)              <10.95> on input line 63.
 [1

{/var/lib/texmf/fonts/map/pdftex/updmap/pdftex.map}] [2] [3] [4] <mixstock-009.
pdf, id=24, 433.62pt x 433.62pt>
File: mixstock-009.pdf Graphic file (type pdf)

<use mixstock-009.pdf>
LaTeX Font Info:    External font `cmex10' loaded for size
(Font)              <9> on input line 278.
LaTeX Font Info:    External font `cmex10' loaded for size
(Font)              <5> on input line 278.
 [5 <./mixstock-009.pdf>]
<mixstock-013.pdf, id=33, 433.62pt x 433.62pt>
File: mixstock-013.pdf Graphic file (type pdf)
 <use mixstock-013.pdf> [6]
[7 <./mixstock-013.pdf>] <mixstock-016.pdf, id=50, 433.62pt x 433.62pt>
File: mixstock-016.pdf Graphic file (type pdf)

<use mixstock-016.pdf>
Overfull \hbox (52.30809pt too wide) in paragraph at lines 369--375
\T1/aer/m/n/10.95 plot this with a log-a-rith-mic scale for the ver-ti-cal axis
, use \T1/aett/m/n/10.95 plot(mydata.cml,log="y")\T1/aer/m/n/10.95 ). 
 []

[8] [9 <./mixstock-016.pdf>]
Overfull \hbox (1.71133pt too wide) in paragraph at lines 412--422
\T1/aer/m/n/10.95 warn-ings about \T1/aett/m/n/10.95 singular matrix, returning
 equal contribs\T1/aer/m/n/10.95 , \T1/aett/m/n/10.95 Error in
 []

<mixstock-022.pdf, id=62, 433.62pt x 433.62pt>
File: mixstock-022.pdf Graphic file (type pdf)
 <use mixstock-022.pdf> [10]
[11 <./mixstock-022.pdf>] <mixstock-027.pdf, id=75, 433.62pt x 433.62pt>
File: mixstock-027.pdf Graphic file (type pdf)

<use mixstock-027.pdf>
LaTeX Font Info:    Font shape `TS1/aer/m/n' in size <10.95> not available
(Font)              Font shape `TS1/cmr/m/n' tried instead on input line 526.

Overfull \hbox (3.51389pt too wide) in paragraph at lines 526--538
[][]\T1/aett/m/n/10.95 diag1$current \T1/aer/m/n/10.95 gives the di-ag-nos-tics
 for the last chain eval-u-ated. These
 []

[12] [13 <./mixstock-027.pdf>] [14]
<mixstock-034.pdf, id=93, 433.62pt x 433.62pt>
File: mixstock-034.pdf Graphic file (type pdf)
 <use mixstock-034.pdf> [15]
[16 <./mixstock-034.pdf>]
Overfull \hbox (1.59793pt too wide) in paragraph at lines 669--678
\T1/aett/m/n/10.95 "random" \T1/aer/m/n/10.95 starts the chains from ran-dom st
art-ing points. If \T1/aett/m/n/10.95 which.init
 []


Overfull \hbox (100.76492pt too wide) in paragraph at lines 669--678
\T1/aer/m/n/10.95 for ex-am-ple, \T1/aett/m/n/10.95 mm.wbugs(...,n.chains=3,ini
ttype="dispersed",which.init=c(1,5,7))
 []


Overfull \hbox (20.9157pt too wide) in paragraph at lines 678--689
\T1/aett/m/n/10.95 returntype="bugs" \T1/aer/m/n/10.95 and us-ing \T1/aett/m/n/
10.95 as.mcmc.bugs \T1/aer/m/n/10.95 and \T1/aett/m/n/10.95 as.mixstock.est.bug
s
 []

<mixstock-041.pdf, id=105, 433.62pt x 433.62pt>
File: mixstock-041.pdf Graphic file (type pdf)
 <use mixstock-041.pdf> [17]
<mixstock-042.pdf, id=109, 433.62pt x 433.62pt>
File: mixstock-042.pdf Graphic file (type pdf)
 <use mixstock-042.pdf> [18 <./mixstock-041.pdf>] [19 <./mixstock-042.pdf>] [20
] [21] [22]
Overfull \hbox (50.9258pt too wide) in paragraph at lines 887--890
[]\T1/aer/m/n/10.95 read.csv/read.table + as.mixstock.data com-bined into a sin
-gle read.mixstock.data
 []


Overfull \hbox (29.70444pt too wide) in paragraph at lines 901--903
[]\T1/aer/m/n/10.95 plot(...,legend=TRUE) doesn't work for CML. add un-stacked/
beside=TRUE
 []

(./mixstock.bbl [23]) [24] (./mixstock.aux) ) 
Here is how much of TeX's memory you used:
 2336 strings out of 94101
 30997 string characters out of 1165810
 78457 words of memory out of 1500000
 5527 multiletter control sequences out of 10000+50000
 42022 words of font info for 90 fonts, out of 1200000 for 2000
 637 hyphenation exceptions out of 8191
 35i,8n,21p,278b,346s stack positions out of 5000i,500n,6000p,200000b,5000s
 </home/ben/.texmf-var/fonts/pk/lj
four/jknappen/tc/tcrm1095.600pk> </home/ben/.texmf-var/fonts/pk/ljfour/jknappen
/tc/tcbx1095.600pk></usr/share/texmf-texlive/fonts/type1/bluesky/cm/cmbx10.pfb>
</usr/share/texmf-texlive/fonts/type1/bluesky/cm/cmbx12.pfb></usr/share/texmf-t
exlive/fonts/type1/bluesky/cm/cmmi10.pfb></usr/share/texmf-texlive/fonts/type1/
bluesky/cm/cmr10.pfb></usr/share/texmf-texlive/fonts/type1/bluesky/cm/cmr12.pfb
></usr/share/texmf-texlive/fonts/type1/bluesky/cm/cmr17.pfb></usr/share/texmf-t
exlive/fonts/type1/bluesky/cm/cmr6.pfb></usr/share/texmf-texlive/fonts/type1/bl
uesky/cm/cmr8.pfb></usr/share/texmf-texlive/fonts/type1/bluesky/cm/cmr9.pfb></u
sr/share/texmf-texlive/fonts/type1/bluesky/cm/cmsltt10.pfb></usr/share/texmf-te
xlive/fonts/type1/bluesky/cm/cmss10.pfb></usr/share/texmf-texlive/fonts/type1/b
luesky/cm/cmti10.pfb></usr/share/texmf-texlive/fonts/type1/bluesky/cm/cmtt10.pf
b></usr/share/texmf-texlive/fonts/type1/bluesky/cm/cmtt12.pfb></usr/share/texmf
-texlive/fonts/type1/bluesky/cm/cmtt9.pfb>
Output written on mixstock.pdf (24 pages, 217823 bytes).
PDF statistics:
 197 PDF objects out of 1000 (max. 8388607)
 0 named destinations out of 1000 (max. 131072)
 41 words of extra memory for PDF output out of 10000 (max. 10000000)

